INFO [2024-03-05 10:35:45] $x
INFO [2024-03-05 10:35:45] list_for_venn
INFO [2024-03-05 10:35:45] 
INFO [2024-03-05 10:35:45] $filename
INFO [2024-03-05 10:35:45] here("figures/kinase_venn_diagram_kd_data.png")
INFO [2024-03-05 10:35:45] 
INFO [2024-03-05 10:35:45] $category.names
INFO [2024-03-05 10:35:45] names(list_for_venn)
INFO [2024-03-05 10:35:45] 
INFO [2024-03-05 10:35:45] $output
INFO [2024-03-05 10:35:45] [1] TRUE
INFO [2024-03-05 10:35:45] 
INFO [2024-03-05 10:35:45] $imagetype
INFO [2024-03-05 10:35:45] [1] "png"
INFO [2024-03-05 10:35:45] 
INFO [2024-03-05 10:35:45] $height
INFO [2024-03-05 10:35:45] [1] 1480
INFO [2024-03-05 10:35:45] 
INFO [2024-03-05 10:35:45] $width
INFO [2024-03-05 10:35:45] [1] 1480
INFO [2024-03-05 10:35:45] 
INFO [2024-03-05 10:35:45] $resolution
INFO [2024-03-05 10:35:45] [1] 300
INFO [2024-03-05 10:35:45] 
INFO [2024-03-05 10:35:45] $lwd
INFO [2024-03-05 10:35:45] [1] 2
INFO [2024-03-05 10:35:45] 
INFO [2024-03-05 10:35:45] $lty
INFO [2024-03-05 10:35:45] [1] "blank"
INFO [2024-03-05 10:35:45] 
INFO [2024-03-05 10:35:45] $fill
INFO [2024-03-05 10:35:45] myCol
INFO [2024-03-05 10:35:45] 
INFO [2024-03-05 10:35:45] $cex
INFO [2024-03-05 10:35:45] [1] 0.6
INFO [2024-03-05 10:35:45] 
INFO [2024-03-05 10:35:45] $fontface
INFO [2024-03-05 10:35:45] [1] "bold"
INFO [2024-03-05 10:35:45] 
INFO [2024-03-05 10:35:45] $fontfamily
INFO [2024-03-05 10:35:45] [1] "sans"
INFO [2024-03-05 10:35:45] 
