INFO [2024-03-26 10:35:38] $x
INFO [2024-03-26 10:35:38] list_for_venn
INFO [2024-03-26 10:35:38] 
INFO [2024-03-26 10:35:38] $filename
INFO [2024-03-26 10:35:38] here("figures/kinase_venn_diagram_kd_data.png")
INFO [2024-03-26 10:35:38] 
INFO [2024-03-26 10:35:38] $category.names
INFO [2024-03-26 10:35:38] names(list_for_venn)
INFO [2024-03-26 10:35:38] 
INFO [2024-03-26 10:35:38] $output
INFO [2024-03-26 10:35:38] [1] TRUE
INFO [2024-03-26 10:35:38] 
INFO [2024-03-26 10:35:38] $imagetype
INFO [2024-03-26 10:35:38] [1] "png"
INFO [2024-03-26 10:35:38] 
INFO [2024-03-26 10:35:38] $height
INFO [2024-03-26 10:35:38] [1] 1480
INFO [2024-03-26 10:35:38] 
INFO [2024-03-26 10:35:38] $width
INFO [2024-03-26 10:35:38] [1] 1480
INFO [2024-03-26 10:35:38] 
INFO [2024-03-26 10:35:38] $resolution
INFO [2024-03-26 10:35:38] [1] 300
INFO [2024-03-26 10:35:38] 
INFO [2024-03-26 10:35:38] $lwd
INFO [2024-03-26 10:35:38] [1] 2
INFO [2024-03-26 10:35:38] 
INFO [2024-03-26 10:35:38] $lty
INFO [2024-03-26 10:35:38] [1] "blank"
INFO [2024-03-26 10:35:38] 
INFO [2024-03-26 10:35:38] $fill
INFO [2024-03-26 10:35:38] myCol
INFO [2024-03-26 10:35:38] 
INFO [2024-03-26 10:35:38] $cex
INFO [2024-03-26 10:35:38] [1] 0.6
INFO [2024-03-26 10:35:38] 
INFO [2024-03-26 10:35:38] $fontface
INFO [2024-03-26 10:35:38] [1] "bold"
INFO [2024-03-26 10:35:38] 
INFO [2024-03-26 10:35:38] $fontfamily
INFO [2024-03-26 10:35:38] [1] "sans"
INFO [2024-03-26 10:35:38] 
