INFO [2024-03-15 16:43:27] $x
INFO [2024-03-15 16:43:27] list_for_venn
INFO [2024-03-15 16:43:27] 
INFO [2024-03-15 16:43:27] $filename
INFO [2024-03-15 16:43:27] here("figures/venn_diagram_dose_data.png")
INFO [2024-03-15 16:43:27] 
INFO [2024-03-15 16:43:27] $category.names
INFO [2024-03-15 16:43:27] names(list_for_venn)
INFO [2024-03-15 16:43:27] 
INFO [2024-03-15 16:43:27] $output
INFO [2024-03-15 16:43:27] [1] TRUE
INFO [2024-03-15 16:43:27] 
INFO [2024-03-15 16:43:27] $imagetype
INFO [2024-03-15 16:43:27] [1] "png"
INFO [2024-03-15 16:43:27] 
INFO [2024-03-15 16:43:27] $height
INFO [2024-03-15 16:43:27] [1] 1480
INFO [2024-03-15 16:43:27] 
INFO [2024-03-15 16:43:27] $width
INFO [2024-03-15 16:43:27] [1] 1480
INFO [2024-03-15 16:43:27] 
INFO [2024-03-15 16:43:27] $resolution
INFO [2024-03-15 16:43:27] [1] 300
INFO [2024-03-15 16:43:27] 
INFO [2024-03-15 16:43:27] $lwd
INFO [2024-03-15 16:43:27] [1] 2
INFO [2024-03-15 16:43:27] 
INFO [2024-03-15 16:43:27] $lty
INFO [2024-03-15 16:43:27] [1] "blank"
INFO [2024-03-15 16:43:27] 
INFO [2024-03-15 16:43:27] $fill
INFO [2024-03-15 16:43:27] myCol
INFO [2024-03-15 16:43:27] 
INFO [2024-03-15 16:43:27] $cex
INFO [2024-03-15 16:43:27] [1] 0.6
INFO [2024-03-15 16:43:27] 
INFO [2024-03-15 16:43:27] $fontface
INFO [2024-03-15 16:43:27] [1] "bold"
INFO [2024-03-15 16:43:27] 
INFO [2024-03-15 16:43:27] $fontfamily
INFO [2024-03-15 16:43:27] [1] "sans"
INFO [2024-03-15 16:43:27] 
