INFO [2024-03-04 15:28:18] $x
INFO [2024-03-04 15:28:18] list_for_venn
INFO [2024-03-04 15:28:18] 
INFO [2024-03-04 15:28:18] $filename
INFO [2024-03-04 15:28:18] here("figures/venn_diagram_kd_data.png")
INFO [2024-03-04 15:28:18] 
INFO [2024-03-04 15:28:18] $category.names
INFO [2024-03-04 15:28:18] names(list_for_venn)
INFO [2024-03-04 15:28:18] 
INFO [2024-03-04 15:28:18] $output
INFO [2024-03-04 15:28:18] [1] TRUE
INFO [2024-03-04 15:28:18] 
INFO [2024-03-04 15:28:18] $imagetype
INFO [2024-03-04 15:28:18] [1] "png"
INFO [2024-03-04 15:28:18] 
INFO [2024-03-04 15:28:18] $height
INFO [2024-03-04 15:28:18] [1] 480
INFO [2024-03-04 15:28:18] 
INFO [2024-03-04 15:28:18] $width
INFO [2024-03-04 15:28:18] [1] 480
INFO [2024-03-04 15:28:18] 
INFO [2024-03-04 15:28:18] $resolution
INFO [2024-03-04 15:28:18] [1] 300
INFO [2024-03-04 15:28:18] 
INFO [2024-03-04 15:28:18] $lwd
INFO [2024-03-04 15:28:18] [1] 2
INFO [2024-03-04 15:28:18] 
INFO [2024-03-04 15:28:18] $lty
INFO [2024-03-04 15:28:18] [1] "blank"
INFO [2024-03-04 15:28:18] 
INFO [2024-03-04 15:28:18] $fill
INFO [2024-03-04 15:28:18] myCol
INFO [2024-03-04 15:28:18] 
INFO [2024-03-04 15:28:18] $cex
INFO [2024-03-04 15:28:18] [1] 0.6
INFO [2024-03-04 15:28:18] 
INFO [2024-03-04 15:28:18] $fontface
INFO [2024-03-04 15:28:18] [1] "bold"
INFO [2024-03-04 15:28:18] 
INFO [2024-03-04 15:28:18] $fontfamily
INFO [2024-03-04 15:28:18] [1] "sans"
INFO [2024-03-04 15:28:18] 
