INFO [2024-03-04 15:28:39] $x
INFO [2024-03-04 15:28:39] list_for_venn
INFO [2024-03-04 15:28:39] 
INFO [2024-03-04 15:28:39] $filename
INFO [2024-03-04 15:28:39] here("figures/venn_diagram_kd_data.png")
INFO [2024-03-04 15:28:39] 
INFO [2024-03-04 15:28:39] $category.names
INFO [2024-03-04 15:28:39] names(list_for_venn)
INFO [2024-03-04 15:28:39] 
INFO [2024-03-04 15:28:39] $output
INFO [2024-03-04 15:28:39] [1] TRUE
INFO [2024-03-04 15:28:39] 
INFO [2024-03-04 15:28:39] $imagetype
INFO [2024-03-04 15:28:39] [1] "png"
INFO [2024-03-04 15:28:39] 
INFO [2024-03-04 15:28:39] $height
INFO [2024-03-04 15:28:39] [1] 1480
INFO [2024-03-04 15:28:39] 
INFO [2024-03-04 15:28:39] $width
INFO [2024-03-04 15:28:39] [1] 1480
INFO [2024-03-04 15:28:39] 
INFO [2024-03-04 15:28:39] $resolution
INFO [2024-03-04 15:28:39] [1] 300
INFO [2024-03-04 15:28:39] 
INFO [2024-03-04 15:28:39] $lwd
INFO [2024-03-04 15:28:39] [1] 2
INFO [2024-03-04 15:28:39] 
INFO [2024-03-04 15:28:39] $lty
INFO [2024-03-04 15:28:39] [1] "blank"
INFO [2024-03-04 15:28:39] 
INFO [2024-03-04 15:28:39] $fill
INFO [2024-03-04 15:28:39] myCol
INFO [2024-03-04 15:28:39] 
INFO [2024-03-04 15:28:39] $cex
INFO [2024-03-04 15:28:39] [1] 0.6
INFO [2024-03-04 15:28:39] 
INFO [2024-03-04 15:28:39] $fontface
INFO [2024-03-04 15:28:39] [1] "bold"
INFO [2024-03-04 15:28:39] 
INFO [2024-03-04 15:28:39] $fontfamily
INFO [2024-03-04 15:28:39] [1] "sans"
INFO [2024-03-04 15:28:39] 
