INFO [2024-03-05 10:16:56] $x
INFO [2024-03-05 10:16:56] list_for_venn
INFO [2024-03-05 10:16:56] 
INFO [2024-03-05 10:16:56] $filename
INFO [2024-03-05 10:16:56] here("figures/venn_diagram_kd_data.png")
INFO [2024-03-05 10:16:56] 
INFO [2024-03-05 10:16:56] $category.names
INFO [2024-03-05 10:16:56] names(list_for_venn)
INFO [2024-03-05 10:16:56] 
INFO [2024-03-05 10:16:56] $output
INFO [2024-03-05 10:16:56] [1] TRUE
INFO [2024-03-05 10:16:56] 
INFO [2024-03-05 10:16:56] $imagetype
INFO [2024-03-05 10:16:56] [1] "png"
INFO [2024-03-05 10:16:56] 
INFO [2024-03-05 10:16:56] $height
INFO [2024-03-05 10:16:56] [1] 1480
INFO [2024-03-05 10:16:56] 
INFO [2024-03-05 10:16:56] $width
INFO [2024-03-05 10:16:56] [1] 1480
INFO [2024-03-05 10:16:56] 
INFO [2024-03-05 10:16:56] $resolution
INFO [2024-03-05 10:16:56] [1] 300
INFO [2024-03-05 10:16:56] 
INFO [2024-03-05 10:16:56] $lwd
INFO [2024-03-05 10:16:56] [1] 2
INFO [2024-03-05 10:16:56] 
INFO [2024-03-05 10:16:56] $lty
INFO [2024-03-05 10:16:56] [1] "blank"
INFO [2024-03-05 10:16:56] 
INFO [2024-03-05 10:16:56] $fill
INFO [2024-03-05 10:16:56] myCol
INFO [2024-03-05 10:16:56] 
INFO [2024-03-05 10:16:56] $cex
INFO [2024-03-05 10:16:56] [1] 0.6
INFO [2024-03-05 10:16:56] 
INFO [2024-03-05 10:16:56] $fontface
INFO [2024-03-05 10:16:56] [1] "bold"
INFO [2024-03-05 10:16:56] 
INFO [2024-03-05 10:16:56] $fontfamily
INFO [2024-03-05 10:16:56] [1] "sans"
INFO [2024-03-05 10:16:56] 
ERROR [2024-03-05 10:16:56] NAs in dataset
