INFO [2024-03-05 10:20:11] $x
INFO [2024-03-05 10:20:11] list_for_venn
INFO [2024-03-05 10:20:11] 
INFO [2024-03-05 10:20:11] $filename
INFO [2024-03-05 10:20:11] here("figures/venn_diagram_kd_data.png")
INFO [2024-03-05 10:20:11] 
INFO [2024-03-05 10:20:11] $category.names
INFO [2024-03-05 10:20:11] names(list_for_venn)
INFO [2024-03-05 10:20:11] 
INFO [2024-03-05 10:20:11] $output
INFO [2024-03-05 10:20:11] [1] TRUE
INFO [2024-03-05 10:20:11] 
INFO [2024-03-05 10:20:11] $imagetype
INFO [2024-03-05 10:20:11] [1] "png"
INFO [2024-03-05 10:20:11] 
INFO [2024-03-05 10:20:11] $height
INFO [2024-03-05 10:20:11] [1] 1480
INFO [2024-03-05 10:20:11] 
INFO [2024-03-05 10:20:11] $width
INFO [2024-03-05 10:20:11] [1] 1480
INFO [2024-03-05 10:20:11] 
INFO [2024-03-05 10:20:11] $resolution
INFO [2024-03-05 10:20:11] [1] 300
INFO [2024-03-05 10:20:11] 
INFO [2024-03-05 10:20:11] $lwd
INFO [2024-03-05 10:20:11] [1] 2
INFO [2024-03-05 10:20:11] 
INFO [2024-03-05 10:20:11] $lty
INFO [2024-03-05 10:20:11] [1] "blank"
INFO [2024-03-05 10:20:11] 
INFO [2024-03-05 10:20:11] $fill
INFO [2024-03-05 10:20:11] myCol
INFO [2024-03-05 10:20:11] 
INFO [2024-03-05 10:20:11] $cex
INFO [2024-03-05 10:20:11] [1] 0.6
INFO [2024-03-05 10:20:11] 
INFO [2024-03-05 10:20:11] $fontface
INFO [2024-03-05 10:20:11] [1] "bold"
INFO [2024-03-05 10:20:11] 
INFO [2024-03-05 10:20:11] $fontfamily
INFO [2024-03-05 10:20:11] [1] "sans"
INFO [2024-03-05 10:20:11] 
