INFO [2024-03-04 15:27:22] $x
INFO [2024-03-04 15:27:22] list_for_venn
INFO [2024-03-04 15:27:22] 
INFO [2024-03-04 15:27:22] $filename
INFO [2024-03-04 15:27:22] here("figures/venn_diagram_kd_data.png")
INFO [2024-03-04 15:27:22] 
INFO [2024-03-04 15:27:22] $category.names
INFO [2024-03-04 15:27:22] names(list_for_venn)
INFO [2024-03-04 15:27:22] 
INFO [2024-03-04 15:27:22] $output
INFO [2024-03-04 15:27:22] [1] TRUE
INFO [2024-03-04 15:27:22] 
INFO [2024-03-04 15:27:22] $lwd
INFO [2024-03-04 15:27:22] [1] 2
INFO [2024-03-04 15:27:22] 
INFO [2024-03-04 15:27:22] $lty
INFO [2024-03-04 15:27:22] [1] "blank"
INFO [2024-03-04 15:27:22] 
INFO [2024-03-04 15:27:22] $fill
INFO [2024-03-04 15:27:22] myCol
INFO [2024-03-04 15:27:22] 
INFO [2024-03-04 15:27:22] $cex
INFO [2024-03-04 15:27:22] [1] 0.6
INFO [2024-03-04 15:27:22] 
INFO [2024-03-04 15:27:22] $fontface
INFO [2024-03-04 15:27:22] [1] "bold"
INFO [2024-03-04 15:27:22] 
INFO [2024-03-04 15:27:22] $fontfamily
INFO [2024-03-04 15:27:22] [1] "sans"
INFO [2024-03-04 15:27:22] 
