INFO [2024-03-04 15:23:04] $x
INFO [2024-03-04 15:23:04] list_for_venn
INFO [2024-03-04 15:23:04] 
INFO [2024-03-04 15:23:04] $filename
INFO [2024-03-04 15:23:04] here("figures/venn_diagram_kd_data.png")
INFO [2024-03-04 15:23:04] 
INFO [2024-03-04 15:23:04] $category.names
INFO [2024-03-04 15:23:04] names(list_for_venn)
INFO [2024-03-04 15:23:04] 
INFO [2024-03-04 15:23:04] $output
INFO [2024-03-04 15:23:04] [1] TRUE
INFO [2024-03-04 15:23:04] 
INFO [2024-03-04 15:23:04] $lwd
INFO [2024-03-04 15:23:04] [1] 2
INFO [2024-03-04 15:23:04] 
INFO [2024-03-04 15:23:04] $lty
INFO [2024-03-04 15:23:04] [1] "blank"
INFO [2024-03-04 15:23:04] 
INFO [2024-03-04 15:23:04] $fill
INFO [2024-03-04 15:23:04] myCol
INFO [2024-03-04 15:23:04] 
INFO [2024-03-04 15:23:04] $cex
INFO [2024-03-04 15:23:04] [1] 0.6
INFO [2024-03-04 15:23:04] 
INFO [2024-03-04 15:23:04] $fontface
INFO [2024-03-04 15:23:04] [1] "bold"
INFO [2024-03-04 15:23:04] 
INFO [2024-03-04 15:23:04] $fontfamily
INFO [2024-03-04 15:23:04] [1] "sans"
INFO [2024-03-04 15:23:04] 
