INFO [2024-03-04 15:26:53] $x
INFO [2024-03-04 15:26:53] list_for_venn
INFO [2024-03-04 15:26:53] 
INFO [2024-03-04 15:26:53] $filename
INFO [2024-03-04 15:26:53] here("figures/venn_diagram_kd_data.png")
INFO [2024-03-04 15:26:53] 
INFO [2024-03-04 15:26:53] $category.names
INFO [2024-03-04 15:26:53] names(list_for_venn)
INFO [2024-03-04 15:26:53] 
INFO [2024-03-04 15:26:53] $output
INFO [2024-03-04 15:26:53] [1] TRUE
INFO [2024-03-04 15:26:53] 
INFO [2024-03-04 15:26:53] $lwd
INFO [2024-03-04 15:26:53] [1] 2
INFO [2024-03-04 15:26:53] 
INFO [2024-03-04 15:26:53] $lty
INFO [2024-03-04 15:26:53] [1] "blank"
INFO [2024-03-04 15:26:53] 
INFO [2024-03-04 15:26:53] $fill
INFO [2024-03-04 15:26:53] myCol
INFO [2024-03-04 15:26:53] 
INFO [2024-03-04 15:26:53] $cex
INFO [2024-03-04 15:26:53] [1] 0.6
INFO [2024-03-04 15:26:53] 
INFO [2024-03-04 15:26:53] $fontface
INFO [2024-03-04 15:26:53] [1] "bold"
INFO [2024-03-04 15:26:53] 
INFO [2024-03-04 15:26:53] $fontfamily
INFO [2024-03-04 15:26:53] [1] "sans"
INFO [2024-03-04 15:26:53] 
