INFO [2024-03-26 10:35:37] $x
INFO [2024-03-26 10:35:37] list_for_venn
INFO [2024-03-26 10:35:37] 
INFO [2024-03-26 10:35:37] $filename
INFO [2024-03-26 10:35:37] here("figures/venn_diagram_kd_data.png")
INFO [2024-03-26 10:35:37] 
INFO [2024-03-26 10:35:37] $category.names
INFO [2024-03-26 10:35:37] names(list_for_venn)
INFO [2024-03-26 10:35:37] 
INFO [2024-03-26 10:35:37] $output
INFO [2024-03-26 10:35:37] [1] TRUE
INFO [2024-03-26 10:35:37] 
INFO [2024-03-26 10:35:37] $imagetype
INFO [2024-03-26 10:35:37] [1] "png"
INFO [2024-03-26 10:35:37] 
INFO [2024-03-26 10:35:37] $height
INFO [2024-03-26 10:35:37] [1] 1480
INFO [2024-03-26 10:35:37] 
INFO [2024-03-26 10:35:37] $width
INFO [2024-03-26 10:35:37] [1] 1480
INFO [2024-03-26 10:35:37] 
INFO [2024-03-26 10:35:37] $resolution
INFO [2024-03-26 10:35:37] [1] 300
INFO [2024-03-26 10:35:37] 
INFO [2024-03-26 10:35:37] $lwd
INFO [2024-03-26 10:35:37] [1] 2
INFO [2024-03-26 10:35:37] 
INFO [2024-03-26 10:35:37] $lty
INFO [2024-03-26 10:35:37] [1] "blank"
INFO [2024-03-26 10:35:37] 
INFO [2024-03-26 10:35:37] $fill
INFO [2024-03-26 10:35:37] myCol
INFO [2024-03-26 10:35:37] 
INFO [2024-03-26 10:35:37] $cex
INFO [2024-03-26 10:35:37] [1] 0.6
INFO [2024-03-26 10:35:37] 
INFO [2024-03-26 10:35:37] $fontface
INFO [2024-03-26 10:35:37] [1] "bold"
INFO [2024-03-26 10:35:37] 
INFO [2024-03-26 10:35:37] $fontfamily
INFO [2024-03-26 10:35:37] [1] "sans"
INFO [2024-03-26 10:35:37] 
