INFO [2024-03-05 10:20:04] $x
INFO [2024-03-05 10:20:04] list_for_venn
INFO [2024-03-05 10:20:04] 
INFO [2024-03-05 10:20:04] $filename
INFO [2024-03-05 10:20:04] here("figures/venn_diagram_kd_data.png")
INFO [2024-03-05 10:20:04] 
INFO [2024-03-05 10:20:04] $category.names
INFO [2024-03-05 10:20:04] names(list_for_venn)
INFO [2024-03-05 10:20:04] 
INFO [2024-03-05 10:20:04] $output
INFO [2024-03-05 10:20:04] [1] TRUE
INFO [2024-03-05 10:20:04] 
INFO [2024-03-05 10:20:04] $imagetype
INFO [2024-03-05 10:20:04] [1] "png"
INFO [2024-03-05 10:20:04] 
INFO [2024-03-05 10:20:04] $height
INFO [2024-03-05 10:20:04] [1] 1480
INFO [2024-03-05 10:20:04] 
INFO [2024-03-05 10:20:04] $width
INFO [2024-03-05 10:20:04] [1] 1480
INFO [2024-03-05 10:20:04] 
INFO [2024-03-05 10:20:04] $resolution
INFO [2024-03-05 10:20:04] [1] 300
INFO [2024-03-05 10:20:04] 
INFO [2024-03-05 10:20:04] $lwd
INFO [2024-03-05 10:20:04] [1] 2
INFO [2024-03-05 10:20:04] 
INFO [2024-03-05 10:20:04] $lty
INFO [2024-03-05 10:20:04] [1] "blank"
INFO [2024-03-05 10:20:04] 
INFO [2024-03-05 10:20:04] $fill
INFO [2024-03-05 10:20:04] myCol
INFO [2024-03-05 10:20:04] 
INFO [2024-03-05 10:20:04] $cex
INFO [2024-03-05 10:20:04] [1] 0.6
INFO [2024-03-05 10:20:04] 
INFO [2024-03-05 10:20:04] $fontface
INFO [2024-03-05 10:20:04] [1] "bold"
INFO [2024-03-05 10:20:04] 
INFO [2024-03-05 10:20:04] $fontfamily
INFO [2024-03-05 10:20:04] [1] "sans"
INFO [2024-03-05 10:20:04] 
