INFO [2025-07-29 13:02:47] $x
INFO [2025-07-29 13:02:47] list_for_venn
INFO [2025-07-29 13:02:47] 
INFO [2025-07-29 13:02:47] $filename
INFO [2025-07-29 13:02:47] here("figures/venn_diagram_dose_data_LFQ_only.png")
INFO [2025-07-29 13:02:47] 
INFO [2025-07-29 13:02:47] $category.names
INFO [2025-07-29 13:02:47] names(list_for_venn)
INFO [2025-07-29 13:02:47] 
INFO [2025-07-29 13:02:47] $output
INFO [2025-07-29 13:02:47] [1] TRUE
INFO [2025-07-29 13:02:47] 
INFO [2025-07-29 13:02:47] $imagetype
INFO [2025-07-29 13:02:47] [1] "png"
INFO [2025-07-29 13:02:47] 
INFO [2025-07-29 13:02:47] $height
INFO [2025-07-29 13:02:47] [1] 1480
INFO [2025-07-29 13:02:47] 
INFO [2025-07-29 13:02:47] $width
INFO [2025-07-29 13:02:47] [1] 1480
INFO [2025-07-29 13:02:47] 
INFO [2025-07-29 13:02:47] $resolution
INFO [2025-07-29 13:02:47] [1] 300
INFO [2025-07-29 13:02:47] 
INFO [2025-07-29 13:02:47] $lwd
INFO [2025-07-29 13:02:47] [1] 2
INFO [2025-07-29 13:02:47] 
INFO [2025-07-29 13:02:47] $lty
INFO [2025-07-29 13:02:47] [1] "blank"
INFO [2025-07-29 13:02:47] 
INFO [2025-07-29 13:02:47] $fill
INFO [2025-07-29 13:02:47] myCol
INFO [2025-07-29 13:02:47] 
INFO [2025-07-29 13:02:47] $cex
INFO [2025-07-29 13:02:47] [1] 0.6
INFO [2025-07-29 13:02:47] 
INFO [2025-07-29 13:02:47] $fontface
INFO [2025-07-29 13:02:47] [1] "bold"
INFO [2025-07-29 13:02:47] 
INFO [2025-07-29 13:02:47] $fontfamily
INFO [2025-07-29 13:02:47] [1] "sans"
INFO [2025-07-29 13:02:47] 
